number,value,datetime_start,datetime_complete,duration,params_colsample_bytree,params_learning_rate,params_max_depth,params_num_leaves,params_reg_alpha,params_reg_lambda,params_subsample,state
0,0.5156045426467913,2026-06-02 02:15:33.308498,2026-06-02 02:15:33.973581,0 days 00:00:00.665083,0.8981735476988886,0.008516341868367125,6,88,2.0830669499698056,1.3799411308331277,0.9139828967960268,COMPLETE
1,0.5556721628113875,2026-06-02 02:15:33.979119,2026-06-02 02:15:34.274299,0 days 00:00:00.295180,0.71761028078837,0.01691242515357017,5,41,3.2086799217663837,2.736575415099596,0.7739953999657299,COMPLETE
2,0.5561067922933844,2026-06-02 02:15:34.274441,2026-06-02 02:15:34.724067,0 days 00:00:00.449626,0.8894876386116864,0.026249199577314287,8,99,2.1871223577898347,2.08476673421689,0.9499958671985591,COMPLETE
3,0.5834468147277775,2026-06-02 02:15:34.724126,2026-06-02 02:15:35.057679,0 days 00:00:00.333553,0.7877476998785412,0.10341467948978325,9,20,3.642436246275906,1.3679302491219087,0.8255077251286298,COMPLETE
4,0.5825283321542428,2026-06-02 02:15:35.057796,2026-06-02 02:15:35.338167,0 days 00:00:00.280371,0.8424319606134141,0.14652651235797307,4,70,1.494136733730684,1.3391411211891602,0.7198557231466058,COMPLETE
5,0.5392428011772149,2026-06-02 02:15:35.338229,2026-06-02 02:15:35.698900,0 days 00:00:00.360671,0.7664344618085863,0.013584013865179498,9,24,2.4848372139605237,3.4527995588947764,0.724409732789235,COMPLETE
6,0.5442902022385613,2026-06-02 02:15:35.698998,2026-06-02 02:15:35.974347,0 days 00:00:00.275349,0.7274547096302325,0.011404813379431706,5,73,4.877481170896718,2.967988332752862,0.7758946176548537,COMPLETE
7,0.556745799254862,2026-06-02 02:15:35.974460,2026-06-02 02:15:36.174949,0 days 00:00:00.200489,0.798149081178235,0.015061544703553593,3,90,2.863670729536461,1.3503747358278517,0.9885555137678984,COMPLETE
8,0.5796803691247107,2026-06-02 02:15:36.175012,2026-06-02 02:15:36.374645,0 days 00:00:00.199633,0.7888888149789015,0.02304509187601778,3,114,1.3184671625090727,3.46169801015914,0.8576207073449635,COMPLETE
9,0.5323997008765106,2026-06-02 02:15:36.374701,2026-06-02 02:15:36.742266,0 days 00:00:00.367565,0.8071987919932821,0.014340326714465949,6,123,3.3834097230068076,0.43605953285043186,0.8465007416658417,COMPLETE
10,0.584153975688455,2026-06-02 02:15:36.742320,2026-06-02 02:15:37.120031,0 days 00:00:00.377711,0.9676202808040617,0.08277545110562504,8,14,4.341071830040837,4.8636222715964434,0.8517130391883749,COMPLETE
11,0.5896897225114947,2026-06-02 02:15:37.120164,2026-06-02 02:15:37.434869,0 days 00:00:00.314705,0.9729567357170464,0.0957749168554855,8,12,4.45377796954674,4.986732511908809,0.8496955802645798,COMPLETE
12,0.586098200823422,2026-06-02 02:15:37.434936,2026-06-02 02:15:37.724330,0 days 00:00:00.289394,0.9917457170535214,0.06201830215361662,8,10,4.937526154514669,4.927508045109163,0.8895050536466568,COMPLETE
13,0.5711431145908231,2026-06-02 02:15:37.724443,2026-06-02 02:15:38.211428,0 days 00:00:00.486985,0.9924953352679461,0.04856780155219305,7,46,0.11819777331637349,4.974382147597835,0.8988145661571617,COMPLETE
14,0.5745888492261192,2026-06-02 02:15:38.211491,2026-06-02 02:15:38.580843,0 days 00:00:00.369352,0.939736299716009,0.048402494320804755,8,48,4.967391931003217,4.209180135738773,0.8972440097805893,COMPLETE
15,0.597499414433852,2026-06-02 02:15:38.580900,2026-06-02 02:15:38.890071,0 days 00:00:00.309171,0.9286386973256996,0.19786971781900894,7,32,4.007425122245833,4.2978457260531115,0.8079724644955828,COMPLETE
16,0.5972312640484169,2026-06-02 02:15:38.890160,2026-06-02 02:15:39.173188,0 days 00:00:00.283028,0.9233454500283524,0.19417493711889702,7,33,4.228019148702237,4.141463696833955,0.8021180216402276,COMPLETE
17,0.5961505177136214,2026-06-02 02:15:39.173304,2026-06-02 02:15:39.496412,0 days 00:00:00.323108,0.9178856687971527,0.1839813016366476,6,35,4.112444427056023,4.113730410669645,0.7918587630898578,COMPLETE
18,0.48901565336908864,2026-06-02 02:15:39.496475,2026-06-02 02:15:39.836710,0 days 00:00:00.340235,0.8607166524253176,0.005092993770603284,7,58,3.7987411389064856,4.190844890924271,0.8055455499861965,COMPLETE
19,0.5816496535018743,2026-06-02 02:15:39.836804,2026-06-02 02:15:40.189897,0 days 00:00:00.353093,0.9373447917666491,0.173317681393653,7,29,2.945407096772726,3.4557620172444254,0.7521648204391531,COMPLETE
20,0.5849819392315116,2026-06-02 02:15:40.189960,2026-06-02 02:15:40.534633,0 days 00:00:00.344673,0.8516857004457943,0.13354992086383044,5,57,3.910745416690612,2.205554288246236,0.74991355429634,COMPLETE
21,0.5960908997592332,2026-06-02 02:15:40.534759,2026-06-02 02:15:40.825190,0 days 00:00:00.290431,0.915691978155791,0.19769661851842382,6,33,4.17678640107704,4.2981192591907735,0.8086950178172411,COMPLETE
22,0.5775550953401049,2026-06-02 02:15:40.825304,2026-06-02 02:15:41.173860,0 days 00:00:00.348556,0.9310911919390077,0.12536562923647,7,37,4.327510846062159,3.924035457516163,0.7832049833610604,COMPLETE
23,0.5977028234669358,2026-06-02 02:15:41.173925,2026-06-02 02:15:41.478867,0 days 00:00:00.304942,0.8798664448907538,0.18790768536683047,6,55,3.5328705208819495,3.9000780722454143,0.8149314023156636,COMPLETE
24,0.573719877432734,2026-06-02 02:15:41.478922,2026-06-02 02:15:41.890384,0 days 00:00:00.411462,0.886642567445917,0.06782329154015145,7,60,3.463940841281332,3.6755698176660023,0.8246223700936327,COMPLETE
25,0.5969714721426526,2026-06-02 02:15:41.890449,2026-06-02 02:15:42.273921,0 days 00:00:00.383472,0.8710663782702323,0.12985974650218504,6,51,3.0111557118294754,4.5418010702976055,0.7023602910103706,COMPLETE
26,0.5709972639883764,2026-06-02 02:15:42.273987,2026-06-02 02:15:42.731733,0 days 00:00:00.457746,0.8263704306609909,0.037725123166096115,5,26,4.652728840012315,4.481962924067,0.7524364814398049,COMPLETE
27,0.5778458854178817,2026-06-02 02:15:42.731796,2026-06-02 02:15:43.016609,0 days 00:00:00.284813,0.9579788251621597,0.09683354930715915,4,78,3.8692320401161826,3.0882351709816174,0.8252071758351602,COMPLETE
28,0.5874965326115081,2026-06-02 02:15:43.016672,2026-06-02 02:15:43.357704,0 days 00:00:00.341032,0.9065823119616947,0.1923992230499112,7,63,2.5954765656997525,3.829820809943042,0.8641666799169195,COMPLETE
29,0.580188158627574,2026-06-02 02:15:43.357760,2026-06-02 02:15:43.861133,0 days 00:00:00.503373,0.8835515427795655,0.07978268401023268,6,43,1.669698630592646,3.078567501131624,0.929537365454288,COMPLETE
30,0.5907814971688614,2026-06-02 02:15:43.861198,2026-06-02 02:15:44.218366,0 days 00:00:00.357168,0.950360687102179,0.15412684089927176,6,82,3.5047386491441666,4.538454833481574,0.8772054686854338,COMPLETE
31,0.5853456674310966,2026-06-02 02:15:44.218487,2026-06-02 02:15:44.631230,0 days 00:00:00.412743,0.8709145845659899,0.11990586260642387,6,51,3.311819397030964,3.8776910364916524,0.7034425215837091,COMPLETE
32,0.5891759004049992,2026-06-02 02:15:44.631305,2026-06-02 02:15:44.990994,0 days 00:00:00.359689,0.8956281568333222,0.1412607547808481,6,51,2.9860381733001695,4.616289391261406,0.803360678716522,COMPLETE
33,0.5805225532304313,2026-06-02 02:15:44.991055,2026-06-02 02:15:45.368358,0 days 00:00:00.377303,0.8365211103018478,0.1127489880217728,7,39,3.994812397292619,4.536867078314892,0.7406333882429794,COMPLETE
34,0.5898281499422998,2026-06-02 02:15:45.368423,2026-06-02 02:15:45.691884,0 days 00:00:00.323461,0.8703351379590205,0.16221566471299412,5,19,3.2218605053922116,2.4716147880199615,0.8323023306970114,COMPLETE
35,0.5984791791916266,2026-06-02 02:15:45.691947,2026-06-02 02:15:46.110821,0 days 00:00:00.418874,0.9118661929697202,0.19664771617423407,8,66,1.9962893097866756,3.6427014084732847,0.768242304478299,COMPLETE
36,0.5942397828487048,2026-06-02 02:15:46.110938,2026-06-02 02:15:46.481852,0 days 00:00:00.370914,0.9217330711269506,0.1948832279220424,9,95,1.8056042824560954,3.5836787144670383,0.7630091801130302,COMPLETE
37,0.5900562752950479,2026-06-02 02:15:46.481921,2026-06-02 02:15:46.908081,0 days 00:00:00.426160,0.8990569505898381,0.15344508830433143,8,67,2.1735775849306616,3.0856636602500673,0.7938990573720539,COMPLETE
38,0.5700664668283101,2026-06-02 02:15:46.908143,2026-06-02 02:15:47.387570,0 days 00:00:00.479427,0.9070752979154351,0.10122187714847083,9,74,1.0834260616404205,1.6757471933111576,0.7763692891374191,COMPLETE
39,0.5711627249604861,2026-06-02 02:15:47.387667,2026-06-02 02:15:47.778383,0 days 00:00:00.390716,0.9448921808443509,0.06653924662743804,8,19,2.526429095155263,2.789511929328383,0.7261654517226267,COMPLETE
40,0.5213005613051479,2026-06-02 02:15:47.778444,2026-06-02 02:15:48.220654,0 days 00:00:00.442210,0.7380743837156103,0.009151182465185221,7,106,1.0453008958346595,0.6194783455582631,0.8172768204186662,COMPLETE
41,0.5909794024407516,2026-06-02 02:15:48.220872,2026-06-02 02:15:48.559097,0 days 00:00:00.338225,0.8668893193332708,0.1332142190230732,7,53,3.6746189764394814,4.037123467098887,0.7117163678265095,COMPLETE
42,0.5561720410676033,2026-06-02 02:15:48.559153,2026-06-02 02:15:48.903193,0 days 00:00:00.344040,0.8254738143537883,0.022229296554331528,5,66,2.8400985467408963,3.308735369415882,0.7687293693794037,COMPLETE
43,0.5852769102275805,2026-06-02 02:15:48.903255,2026-06-02 02:15:49.237760,0 days 00:00:00.334505,0.8796245833380002,0.16051758768268878,8,42,4.55085115789747,3.773711598756418,0.7346330783583772,COMPLETE
44,0.5945552089910797,2026-06-02 02:15:49.237917,2026-06-02 02:15:49.513055,0 days 00:00:00.275138,0.9265169528985469,0.19918720816699262,4,31,2.251087179084685,4.719278157711021,0.8344878699878302,COMPLETE
45,0.574478922639443,2026-06-02 02:15:49.513118,2026-06-02 02:15:49.885219,0 days 00:00:00.372101,0.8513482651920329,0.11657767760495646,6,85,1.9667580560134654,4.403494536777044,0.996902350205356,COMPLETE
46,0.5796284205218935,2026-06-02 02:15:49.885276,2026-06-02 02:15:50.274354,0 days 00:00:00.389078,0.9773008931028953,0.08910751955623283,6,55,3.102152933661988,4.714808278817505,0.789587124916829,COMPLETE
47,0.5856024416311584,2026-06-02 02:15:50.274410,2026-06-02 02:15:50.689365,0 days 00:00:00.414955,0.9079739250320884,0.16324269760811613,8,46,2.7396735715787015,4.3074992446447755,0.8383986321248819,COMPLETE
48,0.5994716475417848,2026-06-02 02:15:50.689539,2026-06-02 02:15:50.995449,0 days 00:00:00.305910,0.8917634960552918,0.131906771821964,9,22,4.721006738308999,4.052278448447763,0.8133756326656691,COMPLETE
49,0.611016965474218,2026-06-02 02:15:50.995536,2026-06-02 02:15:51.243377,0 days 00:00:00.247841,0.9624383071630394,0.07592114436153927,9,7,4.714421143721598,4.06471886908142,0.8130964536004787,COMPLETE
