number,value,datetime_start,datetime_complete,duration,params_colsample_bytree,params_learning_rate,params_max_depth,params_num_leaves,params_reg_alpha,params_reg_lambda,params_subsample,state
0,0.5277477535984287,2026-06-05 21:56:39.221181,2026-06-05 21:56:39.434682,0 days 00:00:00.213501,0.8263824894562105,0.011475289913955113,3,51,2.96313323556224,0.4851969061463157,0.8020374323502272,COMPLETE
1,0.5685825143146475,2026-06-05 21:56:39.434791,2026-06-05 21:56:39.724023,0 days 00:00:00.289232,0.7975398601515419,0.19702826918093705,4,70,2.384842073112707,3.184074611393336,0.9534613128743814,COMPLETE
2,0.524197167383934,2026-06-05 21:56:39.724130,2026-06-05 21:56:40.118484,0 days 00:00:00.394354,0.8259014262396192,0.00929824206028825,8,46,2.800827066247495,0.1907955713881565,0.960607352697272,COMPLETE
3,0.5688236757354891,2026-06-05 21:56:40.118633,2026-06-05 21:56:40.540546,0 days 00:00:00.421913,0.7388994941723567,0.05772498892858256,5,100,1.056356095034845,3.772793481352268,0.9758125823745027,COMPLETE
4,0.5361786731938002,2026-06-05 21:56:40.540633,2026-06-05 21:56:41.074187,0 days 00:00:00.533554,0.8594512712954127,0.021727734543086744,6,66,2.86715542604943,0.7642659708191507,0.7901783486506107,COMPLETE
5,0.5708238224744221,2026-06-05 21:56:41.074301,2026-06-05 21:56:41.394388,0 days 00:00:00.320087,0.993399460100902,0.15467725198006982,9,76,3.991113417741276,3.8593026074707746,0.8106273361054747,COMPLETE
6,0.4972699923657662,2026-06-05 21:56:41.394455,2026-06-05 21:56:41.764361,0 days 00:00:00.369906,0.9532419717950462,0.0075750647687598885,6,126,2.1338001766215378,1.5828437413292384,0.9931935844465525,COMPLETE
7,0.5372402779983907,2026-06-05 21:56:41.764494,2026-06-05 21:56:42.055450,0 days 00:00:00.290956,0.9316199600730423,0.019157208547998572,7,76,4.71151282556148,3.6039109981965556,0.8461881474969379,COMPLETE
8,0.5190734436018015,2026-06-05 21:56:42.055534,2026-06-05 21:56:42.450587,0 days 00:00:00.395053,0.9024061058032148,0.015157750414566804,5,86,1.9989072681030617,0.651679742235714,0.7275666340559834,COMPLETE
9,0.5402297137211276,2026-06-05 21:56:42.450657,2026-06-05 21:56:42.797089,0 days 00:00:00.346432,0.9016040826662403,0.03203026275301124,6,104,4.796727469468703,0.9251205146861508,0.939447124931024,COMPLETE
10,0.5795674400545714,2026-06-05 21:56:42.797149,2026-06-05 21:56:43.052658,0 days 00:00:00.255509,0.9868322265359938,0.1884389873307143,9,13,3.943444234060995,4.909859313067916,0.703552880893617,COMPLETE
11,0.5997304059907973,2026-06-05 21:56:43.052724,2026-06-05 21:56:43.266762,0 days 00:00:00.214038,0.9912357899955234,0.18537427957324884,9,7,3.6999157815459447,4.965436304144012,0.715495882070175,COMPLETE
12,0.5876406774325298,2026-06-05 21:56:43.266932,2026-06-05 21:56:43.498982,0 days 00:00:00.232050,0.9985085131484256,0.09633025356383018,9,8,3.777644542750438,4.440943861838144,0.7052587938013147,COMPLETE
13,0.5942944404214494,2026-06-05 21:56:43.499084,2026-06-05 21:56:43.722009,0 days 00:00:00.222925,0.9990895103042924,0.08289187412244485,8,7,3.8188453129966486,4.765693714294303,0.7487149012468018,COMPLETE
14,0.5588909101642069,2026-06-05 21:56:43.722062,2026-06-05 21:56:44.193801,0 days 00:00:00.471739,0.946040667078314,0.07574303086667616,8,33,0.1970334730626413,2.4269029956657833,0.7599170814469179,COMPLETE
15,0.5644371039741869,2026-06-05 21:56:44.193900,2026-06-05 21:56:44.629165,0 days 00:00:00.435265,0.8825478352506378,0.04160384493370235,8,26,3.3954482834807247,4.854424805114665,0.8891021410320186,COMPLETE
16,0.575336067878276,2026-06-05 21:56:44.629225,2026-06-05 21:56:44.984498,0 days 00:00:00.355273,0.7121184973812216,0.11277173080208881,7,24,4.321882825111116,2.7780669963284605,0.7563133563606148,COMPLETE
17,0.5790895839630871,2026-06-05 21:56:44.984574,2026-06-05 21:56:45.356633,0 days 00:00:00.372059,0.9561107521086699,0.11938829914445091,7,44,3.345793458469492,4.268463035637509,0.7525944613112969,COMPLETE
18,0.5721095803097594,2026-06-05 21:56:45.356695,2026-06-05 21:56:45.646962,0 days 00:00:00.290267,0.9238678730223934,0.06334643426136459,8,17,1.654132637947738,2.058044270164941,0.8531270525556205,COMPLETE
19,0.5739549639988393,2026-06-05 21:56:45.647014,2026-06-05 21:56:45.863446,0 days 00:00:00.216432,0.9695847874680334,0.04603206251768124,9,7,3.433149645088284,4.343028080365758,0.7309196552208617,COMPLETE
20,0.5006835282417641,2026-06-05 21:56:45.863553,2026-06-05 21:56:46.096900,0 days 00:00:00.233347,0.7516911692886012,0.005182807697741306,7,33,4.374058772385229,3.2618908146113568,0.7797549411890135,COMPLETE
21,0.5871589944388435,2026-06-05 21:56:46.096953,2026-06-05 21:56:46.371406,0 days 00:00:00.274453,0.9940022982859238,0.09090464229626438,9,8,3.6989376593279504,4.468394988823399,0.7070815659187248,COMPLETE
22,0.5734596509080949,2026-06-05 21:56:46.371466,2026-06-05 21:56:46.743084,0 days 00:00:00.371618,0.9964169626913649,0.130168722163061,9,19,4.992407827308462,4.905330105655984,0.7003339269717374,COMPLETE
23,0.5778686986255752,2026-06-05 21:56:46.743142,2026-06-05 21:56:47.164966,0 days 00:00:00.421824,0.9671127282816352,0.08758891777500681,8,35,3.857345140296946,4.188206232733435,0.727253014630567,COMPLETE
24,0.5838542756697275,2026-06-05 21:56:47.165063,2026-06-05 21:56:47.608654,0 days 00:00:00.443591,0.9291460637008458,0.14914128000145166,9,57,4.32743009721376,4.522063999704534,0.7413309728148982,COMPLETE
25,0.5772531407818154,2026-06-05 21:56:47.608714,2026-06-05 21:56:48.217085,0 days 00:00:00.608371,0.9758633529184293,0.08807764612258526,8,24,3.141511867181581,4.9549075026119755,0.8266474141912364,COMPLETE
26,0.583331027344121,2026-06-05 21:56:48.217204,2026-06-05 21:56:48.538606,0 days 00:00:00.321402,0.9021027720709192,0.05438307849196889,9,13,3.605118795323693,4.065006075870254,0.7779232699022309,COMPLETE
27,0.5625663706705023,2026-06-05 21:56:48.538723,2026-06-05 21:56:48.784030,0 days 00:00:00.245307,0.9437638191842308,0.03072400426667998,8,7,2.554606802246818,3.279290029659337,0.7211937874450446,COMPLETE
28,0.5766023445734373,2026-06-05 21:56:48.784165,2026-06-05 21:56:49.280020,0 days 00:00:00.495855,0.976383448288032,0.10295950735992204,7,39,4.107026944128135,4.577176498371633,0.8850625896553723,COMPLETE
29,0.5766375451632015,2026-06-05 21:56:49.280133,2026-06-05 21:56:49.581332,0 days 00:00:00.301199,0.8271029493211594,0.15256287238957084,9,55,3.063462125966495,3.46226420606843,0.7703184294367328,COMPLETE
30,0.5832319855916789,2026-06-05 21:56:49.581439,2026-06-05 21:56:49.791955,0 days 00:00:00.210516,0.9976007101406041,0.07292031515034338,4,27,4.638544816406444,3.9580494426931314,0.8097074097206254,COMPLETE
31,0.6049091602464279,2026-06-05 21:56:49.792028,2026-06-05 21:56:50.001849,0 days 00:00:00.209821,0.9988410965771475,0.09614529480076821,9,7,3.6678891928848283,4.582973993268869,0.7087489054009725,COMPLETE
32,0.5726204743527027,2026-06-05 21:56:50.002080,2026-06-05 21:56:50.246968,0 days 00:00:00.244888,0.9680498872588881,0.18535433420140685,9,16,3.6691254726079094,4.682091084447854,0.7447643121062459,COMPLETE
33,0.5821622344875109,2026-06-05 21:56:50.247020,2026-06-05 21:56:50.681130,0 days 00:00:00.434110,0.9788886452423667,0.12628159808573353,8,18,3.2223402334921767,4.523938046141766,0.7154872864477458,COMPLETE
34,0.5980876639130192,2026-06-05 21:56:50.681232,2026-06-05 21:56:51.250249,0 days 00:00:00.569017,0.7763950343757202,0.19827887917255335,9,8,2.644704415543657,2.884476904864719,0.7367517194310844,COMPLETE
35,0.5835307085450766,2026-06-05 21:56:51.250340,2026-06-05 21:56:52.701160,0 days 00:00:01.450820,0.7964441168560497,0.19889060525995436,8,20,2.600190499845605,2.88522783872688,0.73953700593074,COMPLETE
36,0.5856270271121571,2026-06-05 21:56:52.701241,2026-06-05 21:56:52.942542,0 days 00:00:00.241301,0.7854494894514624,0.14972274969054788,3,31,1.5383589913725335,1.6521821625468598,0.7921523232807941,COMPLETE
37,0.580266685658045,2026-06-05 21:56:52.942657,2026-06-05 21:56:53.442801,0 days 00:00:00.500144,0.7660608796328231,0.06888477994421681,9,44,0.8912088069195532,1.153077988160933,0.76307254621595,COMPLETE
38,0.5880968768335768,2026-06-05 21:56:53.442964,2026-06-05 21:56:53.765425,0 days 00:00:00.322461,0.8462138551099562,0.16903854122286646,9,13,2.2299919244981354,3.6606540267565784,0.7193098280106635,COMPLETE
39,0.5911649729568206,2026-06-05 21:56:53.765476,2026-06-05 21:56:54.128044,0 days 00:00:00.362568,0.7003161658822739,0.1312415911831305,8,107,2.805063963942961,2.3627194254186668,0.7396778859824642,COMPLETE
40,0.5720486118997893,2026-06-05 21:56:54.128105,2026-06-05 21:56:54.578419,0 days 00:00:00.450314,0.868383978576069,0.05289396935982593,6,116,2.7946281238902144,2.8632549071588898,0.7908217966195924,COMPLETE
41,0.5887610823636471,2026-06-05 21:56:54.578471,2026-06-05 21:56:55.018519,0 days 00:00:00.440048,0.708998079037853,0.13302745276602454,8,91,2.707656396755093,2.179393225070824,0.7369601287627664,COMPLETE
42,0.5717090297744933,2026-06-05 21:56:55.018572,2026-06-05 21:56:55.368400,0 days 00:00:00.349828,0.7354298828637592,0.11981198263348024,8,62,2.422966241985887,1.6272092036254862,0.7486193474895844,COMPLETE
43,0.5804001903162739,2026-06-05 21:56:55.368509,2026-06-05 21:56:55.679140,0 days 00:00:00.310631,0.8321469568929286,0.1993870569787485,9,117,1.897673940177778,2.0308903829773866,0.7221059033641899,COMPLETE
44,0.5817528496715654,2026-06-05 21:56:55.679250,2026-06-05 21:56:55.974032,0 days 00:00:00.294782,0.7247113711264557,0.15673716099624407,7,73,2.99102272839645,2.438099460605794,0.711539014643803,COMPLETE
45,0.5793861526266808,2026-06-05 21:56:55.974123,2026-06-05 21:56:56.367161,0 days 00:00:00.393038,0.7681195217130486,0.10833156346493197,8,80,3.4943648953920547,3.8815616443114176,0.8268984198655108,COMPLETE
46,0.5751708178761039,2026-06-05 21:56:56.367252,2026-06-05 21:56:57.256340,0 days 00:00:00.889088,0.7003290302505762,0.07969187985424613,5,100,4.085259725457509,0.060563714933120405,0.7725651158675403,COMPLETE
47,0.5539956017305983,2026-06-05 21:56:57.256433,2026-06-05 21:56:58.136745,0 days 00:00:00.880312,0.8053840796934063,0.034589969180143135,9,127,3.0185904616005956,4.8192951589938735,0.7334974798650683,COMPLETE
48,0.545399221182455,2026-06-05 21:56:58.136806,2026-06-05 21:56:58.473972,0 days 00:00:00.337166,0.8094483218863409,0.020772991600225537,7,12,2.2302566330267353,0.4023134903603487,0.7540063964852496,COMPLETE
49,0.5883345896153324,2026-06-05 21:56:58.474203,2026-06-05 21:56:58.892205,0 days 00:00:00.418002,0.7502724524436819,0.14204653576715526,9,22,3.2498405398671295,2.6270740523378873,0.9410998787029815,COMPLETE
